2024-03-30 22:30:46 - chore: update requirements.txt
2024-03-30 16:06:46 - test: add unit tests for model validation
2024-03-30 17:54:46 - refactor: optimize data loading performance
2024-03-30 09:40:46 - chore: update requirements.txt
2024-03-30 11:45:46 - feat: add data visualization layer
2024-04-01 11:09:46 - feat: integrate logging and error handling
2024-04-01 08:07:46 - test: add unit tests for model validation
2024-04-01 21:25:46 - feat: implement core logic
2024-04-01 10:12:46 - fix: resolve dependency conflicts
2024-04-08 13:43:46 - test: add unit tests for model validation
2024-04-08 15:22:46 - fix: resolve dependency conflicts
2024-04-24 15:59:46 - feat: add data visualization layer
2024-04-24 19:43:46 - fix: resolve dependency conflicts
2024-05-09 20:47:46 - feat: add data visualization layer
2024-05-09 09:38:46 - feat: integrate logging and error handling
2024-05-09 08:11:46 - feat: integrate logging and error handling
2024-05-09 14:14:46 - fix: resolve dependency conflicts
2024-06-05 12:32:46 - docs: add comprehensive README
2024-07-07 14:15:46 - feat: implement model evaluation metrics
2024-07-07 15:05:46 - feat: add data visualization layer
2024-07-07 16:45:46 - chore: update requirements.txt
2024-07-07 18:03:46 - docs: add comprehensive README
2024-07-07 14:40:46 - fix: resolve dependency conflicts
2024-07-23 17:37:46 - fix: resolve dependency conflicts
